[INFO] 14:46:55:279 PERSONAJE/(3327:3327): Escucha de seniales levantada
[INFO] 14:46:55:283 PERSONAJE/(3327:3328): Personaje Mario (@) (nivel: Nivel1) se conectó correctamente al Orquestador
[INFO] 14:46:55:284 PERSONAJE/(3327:3328): P1ersonaje Mario (@) (nivel: Nivel1) envía handshake al Orquestador con los siguientes datos: @
[INFO] 14:46:55:285 PERSONAJE/(3327:3328): Personaje Mario (@) (nivel: Nivel1) recibe handshake del Orquestador
[INFO] 14:46:55:286 PERSONAJE/(3327:3328): Personaje Mario (@) (nivel: Nivel1) pide al Orquestador conectarse al nivel: 1
[INFO] 14:46:55:366 PERSONAJE/(3327:3328): Personaje Mario (@) (nivel: Nivel1) solicita la ubicacion de la caja del recurso H
[INFO] 14:46:57:410 PERSONAJE/(3327:3328): Personaje Mario (@) (nivel: Nivel1) recibió la ubicacion del recurso H, y es 5,8
[INFO] 14:46:57:410 PERSONAJE/(3327:3328): Personaje Mario (@) (nivel: Nivel1) se movio de posicion 0,0 a posicion 1,0. Direccion H
[INFO] 14:46:57:410 PERSONAJE/(3327:3328): Personaje Mario (@) (nivel: Nivel1) envió su posicion 1,0 al Planificador
[INFO] 14:46:58:490 PERSONAJE/(3327:3328): Personaje Mario (@) (nivel: Nivel1) se movio de posicion 1,0 a posicion 1,1. Direccion V
[INFO] 14:46:58:490 PERSONAJE/(3327:3328): Personaje Mario (@) (nivel: Nivel1) envió su posicion 1,1 al Planificador
[INFO] 14:46:59:617 PERSONAJE/(3327:3328): Personaje Mario (@) (nivel: Nivel1) se movio de posicion 1,1 a posicion 2,1. Direccion H
[INFO] 14:46:59:618 PERSONAJE/(3327:3328): Personaje Mario (@) (nivel: Nivel1) envió su posicion 2,1 al Planificador
[INFO] 14:47:00:742 PERSONAJE/(3327:3328): Personaje Mario (@) (nivel: Nivel1) se movio de posicion 2,1 a posicion 2,2. Direccion V
[INFO] 14:47:00:742 PERSONAJE/(3327:3328): Personaje Mario (@) (nivel: Nivel1) envió su posicion 2,2 al Planificador
[INFO] 14:47:01:862 PERSONAJE/(3327:3328): Personaje Mario (@) (nivel: Nivel1) se movio de posicion 2,2 a posicion 3,2. Direccion H
[INFO] 14:47:01:862 PERSONAJE/(3327:3328): Personaje Mario (@) (nivel: Nivel1) envió su posicion 3,2 al Planificador
[INFO] 14:47:02:981 PERSONAJE/(3327:3328): Personaje Mario (@) (nivel: Nivel1) se movio de posicion 3,2 a posicion 3,3. Direccion V
[INFO] 14:47:02:982 PERSONAJE/(3327:3328): Personaje Mario (@) (nivel: Nivel1) envió su posicion 3,3 al Planificador
[INFO] 14:47:04:102 PERSONAJE/(3327:3328): Personaje Mario (@) (nivel: Nivel1) se movio de posicion 3,3 a posicion 4,3. Direccion H
[INFO] 14:47:04:102 PERSONAJE/(3327:3328): Personaje Mario (@) (nivel: Nivel1) envió su posicion 4,3 al Planificador
[INFO] 14:47:05:225 PERSONAJE/(3327:3328): Personaje Mario (@) (nivel: Nivel1) se movio de posicion 4,3 a posicion 4,4. Direccion V
[INFO] 14:47:05:226 PERSONAJE/(3327:3328): Personaje Mario (@) (nivel: Nivel1) envió su posicion 4,4 al Planificador
[INFO] 14:47:06:306 PERSONAJE/(3327:3328): Perdí una vida porque me alcanzó un enemigo
[INFO] 14:47:09:308 PERSONAJE/(3327:3328): Personaje Mario (@) (nivel: Nivel1) se conectó correctamente al Orquestador
[INFO] 14:47:09:309 PERSONAJE/(3327:3328): P1ersonaje Mario (@) (nivel: Nivel1) envía handshake al Orquestador con los siguientes datos: @
[INFO] 14:47:09:309 PERSONAJE/(3327:3328): Personaje Mario (@) (nivel: Nivel1) recibe handshake del Orquestador
[INFO] 14:47:09:309 PERSONAJE/(3327:3328): Personaje Mario (@) (nivel: Nivel1) pide al Orquestador conectarse al nivel: 1
[INFO] 14:47:09:389 PERSONAJE/(3327:3328): Personaje Mario (@) (nivel: Nivel1) solicita la ubicacion de la caja del recurso H
[INFO] 14:47:11:433 PERSONAJE/(3327:3328): Personaje Mario (@) (nivel: Nivel1) recibió la ubicacion del recurso H, y es 5,8
[INFO] 14:47:11:433 PERSONAJE/(3327:3328): Personaje Mario (@) (nivel: Nivel1) se movio de posicion 0,0 a posicion 1,0. Direccion H
[INFO] 14:47:11:434 PERSONAJE/(3327:3328): Personaje Mario (@) (nivel: Nivel1) envió su posicion 1,0 al Planificador
[INFO] 14:47:12:514 PERSONAJE/(3327:3328): Personaje Mario (@) (nivel: Nivel1) se movio de posicion 1,0 a posicion 1,1. Direccion V
[INFO] 14:47:12:514 PERSONAJE/(3327:3328): Personaje Mario (@) (nivel: Nivel1) envió su posicion 1,1 al Planificador
[INFO] 14:47:13:642 PERSONAJE/(3327:3328): Personaje Mario (@) (nivel: Nivel1) se movio de posicion 1,1 a posicion 2,1. Direccion H
[INFO] 14:47:13:642 PERSONAJE/(3327:3328): Personaje Mario (@) (nivel: Nivel1) envió su posicion 2,1 al Planificador
[INFO] 14:47:14:766 PERSONAJE/(3327:3328): Personaje Mario (@) (nivel: Nivel1) se movio de posicion 2,1 a posicion 2,2. Direccion V
[INFO] 14:47:14:766 PERSONAJE/(3327:3328): Personaje Mario (@) (nivel: Nivel1) envió su posicion 2,2 al Planificador
[INFO] 14:47:15:890 PERSONAJE/(3327:3328): Personaje Mario (@) (nivel: Nivel1) se movio de posicion 2,2 a posicion 3,2. Direccion H
[INFO] 14:47:15:890 PERSONAJE/(3327:3328): Personaje Mario (@) (nivel: Nivel1) envió su posicion 3,2 al Planificador
[INFO] 14:47:17:13 PERSONAJE/(3327:3328): Personaje Mario (@) (nivel: Nivel1) se movio de posicion 3,2 a posicion 3,3. Direccion V
[INFO] 14:47:17:14 PERSONAJE/(3327:3328): Personaje Mario (@) (nivel: Nivel1) envió su posicion 3,3 al Planificador
[INFO] 14:47:18:135 PERSONAJE/(3327:3328): Personaje Mario (@) (nivel: Nivel1) se movio de posicion 3,3 a posicion 4,3. Direccion H
[INFO] 14:47:18:135 PERSONAJE/(3327:3328): Personaje Mario (@) (nivel: Nivel1) envió su posicion 4,3 al Planificador
[INFO] 14:47:19:261 PERSONAJE/(3327:3328): Personaje Mario (@) (nivel: Nivel1) se movio de posicion 4,3 a posicion 4,4. Direccion V
[INFO] 14:47:19:261 PERSONAJE/(3327:3328): Personaje Mario (@) (nivel: Nivel1) envió su posicion 4,4 al Planificador
[INFO] 14:47:20:341 PERSONAJE/(3327:3328): Perdí una vida porque me alcanzó un enemigo
[INFO] 14:47:23:344 PERSONAJE/(3327:3328): Personaje Mario (@) (nivel: Nivel1) se conectó correctamente al Orquestador
[INFO] 14:47:23:344 PERSONAJE/(3327:3328): P1ersonaje Mario (@) (nivel: Nivel1) envía handshake al Orquestador con los siguientes datos: @
[INFO] 14:47:23:344 PERSONAJE/(3327:3328): Personaje Mario (@) (nivel: Nivel1) recibe handshake del Orquestador
[INFO] 14:47:23:345 PERSONAJE/(3327:3328): Personaje Mario (@) (nivel: Nivel1) pide al Orquestador conectarse al nivel: 1
[INFO] 14:47:23:421 PERSONAJE/(3327:3328): Personaje Mario (@) (nivel: Nivel1) solicita la ubicacion de la caja del recurso H
[INFO] 14:47:25:466 PERSONAJE/(3327:3328): Personaje Mario (@) (nivel: Nivel1) recibió la ubicacion del recurso H, y es 5,8
[INFO] 14:47:25:466 PERSONAJE/(3327:3328): Personaje Mario (@) (nivel: Nivel1) se movio de posicion 0,0 a posicion 1,0. Direccion H
[INFO] 14:47:25:466 PERSONAJE/(3327:3328): Personaje Mario (@) (nivel: Nivel1) envió su posicion 1,0 al Planificador
[INFO] 14:47:26:550 PERSONAJE/(3327:3328): Personaje Mario (@) (nivel: Nivel1) se movio de posicion 1,0 a posicion 1,1. Direccion V
[INFO] 14:47:26:550 PERSONAJE/(3327:3328): Personaje Mario (@) (nivel: Nivel1) envió su posicion 1,1 al Planificador
[INFO] 14:47:27:674 PERSONAJE/(3327:3328): Personaje Mario (@) (nivel: Nivel1) se movio de posicion 1,1 a posicion 2,1. Direccion H
[INFO] 14:47:27:674 PERSONAJE/(3327:3328): Personaje Mario (@) (nivel: Nivel1) envió su posicion 2,1 al Planificador
[INFO] 14:47:28:797 PERSONAJE/(3327:3328): Personaje Mario (@) (nivel: Nivel1) se movio de posicion 2,1 a posicion 2,2. Direccion V
[INFO] 14:47:28:798 PERSONAJE/(3327:3328): Personaje Mario (@) (nivel: Nivel1) envió su posicion 2,2 al Planificador
[INFO] 14:47:29:918 PERSONAJE/(3327:3328): Personaje Mario (@) (nivel: Nivel1) se movio de posicion 2,2 a posicion 3,2. Direccion H
[INFO] 14:47:29:918 PERSONAJE/(3327:3328): Personaje Mario (@) (nivel: Nivel1) envió su posicion 3,2 al Planificador
[INFO] 14:47:31:38 PERSONAJE/(3327:3328): Personaje Mario (@) (nivel: Nivel1) se movio de posicion 3,2 a posicion 3,3. Direccion V
[INFO] 14:47:31:38 PERSONAJE/(3327:3328): Personaje Mario (@) (nivel: Nivel1) envió su posicion 3,3 al Planificador
[INFO] 14:47:32:118 PERSONAJE/(3327:3328): Perdí una vida porque me alcanzó un enemigo
[INFO] 14:47:35:119 PERSONAJE/(3327:3328): Personaje Mario (@) (nivel: Nivel1) se conectó correctamente al Orquestador
[INFO] 14:47:35:120 PERSONAJE/(3327:3328): P1ersonaje Mario (@) (nivel: Nivel1) envía handshake al Orquestador con los siguientes datos: @
[INFO] 14:47:35:121 PERSONAJE/(3327:3328): Personaje Mario (@) (nivel: Nivel1) recibe handshake del Orquestador
[INFO] 14:47:35:121 PERSONAJE/(3327:3328): Personaje Mario (@) (nivel: Nivel1) pide al Orquestador conectarse al nivel: 1
[INFO] 14:47:35:198 PERSONAJE/(3327:3328): Personaje Mario (@) (nivel: Nivel1) solicita la ubicacion de la caja del recurso H
[INFO] 14:47:37:238 PERSONAJE/(3327:3328): Personaje Mario (@) (nivel: Nivel1) recibió la ubicacion del recurso H, y es 5,8
[INFO] 14:47:37:238 PERSONAJE/(3327:3328): Personaje Mario (@) (nivel: Nivel1) se movio de posicion 0,0 a posicion 1,0. Direccion H
[INFO] 14:47:37:238 PERSONAJE/(3327:3328): Personaje Mario (@) (nivel: Nivel1) envió su posicion 1,0 al Planificador
[INFO] 14:47:38:322 PERSONAJE/(3327:3328): Personaje Mario (@) (nivel: Nivel1) se movio de posicion 1,0 a posicion 1,1. Direccion V
[INFO] 14:47:38:322 PERSONAJE/(3327:3328): Personaje Mario (@) (nivel: Nivel1) envió su posicion 1,1 al Planificador
[INFO] 14:47:39:445 PERSONAJE/(3327:3328): Personaje Mario (@) (nivel: Nivel1) se movio de posicion 1,1 a posicion 2,1. Direccion H
[INFO] 14:47:39:446 PERSONAJE/(3327:3328): Personaje Mario (@) (nivel: Nivel1) envió su posicion 2,1 al Planificador
[INFO] 14:47:40:570 PERSONAJE/(3327:3328): Personaje Mario (@) (nivel: Nivel1) se movio de posicion 2,1 a posicion 2,2. Direccion V
[INFO] 14:47:40:570 PERSONAJE/(3327:3328): Personaje Mario (@) (nivel: Nivel1) envió su posicion 2,2 al Planificador
[INFO] 14:47:41:694 PERSONAJE/(3327:3328): Personaje Mario (@) (nivel: Nivel1) se movio de posicion 2,2 a posicion 3,2. Direccion H
[INFO] 14:47:41:694 PERSONAJE/(3327:3328): Personaje Mario (@) (nivel: Nivel1) envió su posicion 3,2 al Planificador
[INFO] 14:47:42:814 PERSONAJE/(3327:3328): Personaje Mario (@) (nivel: Nivel1) se movio de posicion 3,2 a posicion 3,3. Direccion V
[INFO] 14:47:42:814 PERSONAJE/(3327:3328): Personaje Mario (@) (nivel: Nivel1) envió su posicion 3,3 al Planificador
[INFO] 14:47:43:933 PERSONAJE/(3327:3328): Personaje Mario (@) (nivel: Nivel1) se movio de posicion 3,3 a posicion 4,3. Direccion H
[INFO] 14:47:43:934 PERSONAJE/(3327:3328): Personaje Mario (@) (nivel: Nivel1) envió su posicion 4,3 al Planificador
[INFO] 14:47:45:55 PERSONAJE/(3327:3328): Personaje Mario (@) (nivel: Nivel1) se movio de posicion 4,3 a posicion 4,4. Direccion V
[INFO] 14:47:45:56 PERSONAJE/(3327:3328): Personaje Mario (@) (nivel: Nivel1) envió su posicion 4,4 al Planificador
[INFO] 14:47:46:174 PERSONAJE/(3327:3328): Personaje Mario (@) (nivel: Nivel1) se movio de posicion 4,4 a posicion 5,4. Direccion H
[INFO] 14:47:46:174 PERSONAJE/(3327:3328): Personaje Mario (@) (nivel: Nivel1) envió su posicion 5,4 al Planificador
[INFO] 14:47:47:298 PERSONAJE/(3327:3328): Personaje Mario (@) (nivel: Nivel1) se movio de posicion 5,4 a posicion 5,5. Direccion V
[INFO] 14:47:47:298 PERSONAJE/(3327:3328): Personaje Mario (@) (nivel: Nivel1) envió su posicion 5,5 al Planificador
[INFO] 14:47:48:422 PERSONAJE/(3327:3328): Personaje Mario (@) (nivel: Nivel1) se movio de posicion 5,5 a posicion 5,6. Direccion V
[INFO] 14:47:48:422 PERSONAJE/(3327:3328): Personaje Mario (@) (nivel: Nivel1) envió su posicion 5,6 al Planificador
[INFO] 14:47:49:542 PERSONAJE/(3327:3328): Personaje Mario (@) (nivel: Nivel1) se movio de posicion 5,6 a posicion 5,7. Direccion V
[INFO] 14:47:49:543 PERSONAJE/(3327:3328): Personaje Mario (@) (nivel: Nivel1) envió su posicion 5,7 al Planificador
[INFO] 14:47:50:670 PERSONAJE/(3327:3328): Personaje Mario (@) (nivel: Nivel1) se movio de posicion 5,7 a posicion 5,8. Direccion V
[INFO] 14:47:50:671 PERSONAJE/(3327:3328): Personaje Mario (@) (nivel: Nivel1) envió su posicion 5,8 al Planificador
[INFO] 14:47:51:750 PERSONAJE/(3327:3328): Personaje Mario (@) (nivel: Nivel1) solicita el recurso H
[INFO] 14:47:52:793 PERSONAJE/(3327:3328): Personaje Mario (@) (nivel: Nivel1) obtuvo el recurso H. Ahora tiene: H. Necesita: HCH
[INFO] 14:47:52:794 PERSONAJE/(3327:3328): Personaje Mario (@) (nivel: Nivel1) solicita la ubicacion de la caja del recurso C
[INFO] 14:47:53:838 PERSONAJE/(3327:3328): Personaje Mario (@) (nivel: Nivel1) recibió la ubicacion del recurso C, y es 3,3
[INFO] 14:47:53:839 PERSONAJE/(3327:3328): Personaje Mario (@) (nivel: Nivel1) se movio de posicion 5,8 a posicion 4,8. Direccion H
[INFO] 14:47:53:839 PERSONAJE/(3327:3328): Personaje Mario (@) (nivel: Nivel1) envió su posicion 4,8 al Planificador
[INFO] 14:47:56:162 PERSONAJE/(3327:3328): Personaje Mario (@) (nivel: Nivel1) recibió una desconexion abrupta. Cierra todo
[INFO] 14:47:56:162 PERSONAJE/(3327:3328): Personaje Mario (@) finaliza totalmente.
[INFO] 15:08:11:135 PERSONAJE/(3582:3582): Escucha de seniales levantada
[INFO] 15:08:11:138 PERSONAJE/(3582:3583): Personaje Mario (@) (nivel: Nivel1) se conectó correctamente al Orquestador
[INFO] 15:08:11:140 PERSONAJE/(3582:3583): P1ersonaje Mario (@) (nivel: Nivel1) envía handshake al Orquestador con los siguientes datos: @
[INFO] 15:08:11:141 PERSONAJE/(3582:3583): Personaje Mario (@) (nivel: Nivel1) recibe handshake del Orquestador
[INFO] 15:08:11:142 PERSONAJE/(3582:3583): Personaje Mario (@) (nivel: Nivel1) pide al Orquestador conectarse al nivel: 1
[INFO] 15:08:11:221 PERSONAJE/(3582:3583): Personaje Mario (@) (nivel: Nivel1) solicita la ubicacion de la caja del recurso H
[INFO] 15:08:13:305 PERSONAJE/(3582:3583): Personaje Mario (@) (nivel: Nivel1) recibió la ubicacion del recurso H, y es 5,8
[INFO] 15:08:13:306 PERSONAJE/(3582:3583): Personaje Mario (@) (nivel: Nivel1) se movio de posicion 0,0 a posicion 1,0. Direccion H
[INFO] 15:08:13:306 PERSONAJE/(3582:3583): Personaje Mario (@) (nivel: Nivel1) envió su posicion 1,0 al Planificador
[INFO] 15:08:14:386 PERSONAJE/(3582:3583): Personaje Mario (@) (nivel: Nivel1) se movio de posicion 1,0 a posicion 1,1. Direccion V
[INFO] 15:08:14:386 PERSONAJE/(3582:3583): Personaje Mario (@) (nivel: Nivel1) envió su posicion 1,1 al Planificador
[INFO] 15:08:15:506 PERSONAJE/(3582:3583): Personaje Mario (@) (nivel: Nivel1) se movio de posicion 1,1 a posicion 2,1. Direccion H
[INFO] 15:08:15:506 PERSONAJE/(3582:3583): Personaje Mario (@) (nivel: Nivel1) envió su posicion 2,1 al Planificador
[INFO] 15:08:16:630 PERSONAJE/(3582:3583): Personaje Mario (@) (nivel: Nivel1) se movio de posicion 2,1 a posicion 2,2. Direccion V
[INFO] 15:08:16:631 PERSONAJE/(3582:3583): Personaje Mario (@) (nivel: Nivel1) envió su posicion 2,2 al Planificador
[INFO] 15:08:17:749 PERSONAJE/(3582:3583): Personaje Mario (@) (nivel: Nivel1) se movio de posicion 2,2 a posicion 3,2. Direccion H
[INFO] 15:08:17:750 PERSONAJE/(3582:3583): Personaje Mario (@) (nivel: Nivel1) envió su posicion 3,2 al Planificador
[INFO] 15:08:18:874 PERSONAJE/(3582:3583): Personaje Mario (@) (nivel: Nivel1) se movio de posicion 3,2 a posicion 3,3. Direccion V
[INFO] 15:08:18:874 PERSONAJE/(3582:3583): Personaje Mario (@) (nivel: Nivel1) envió su posicion 3,3 al Planificador
[INFO] 15:08:19:993 PERSONAJE/(3582:3583): Personaje Mario (@) (nivel: Nivel1) se movio de posicion 3,3 a posicion 4,3. Direccion H
[INFO] 15:08:19:994 PERSONAJE/(3582:3583): Personaje Mario (@) (nivel: Nivel1) envió su posicion 4,3 al Planificador
[INFO] 15:08:21:118 PERSONAJE/(3582:3583): Personaje Mario (@) (nivel: Nivel1) se movio de posicion 4,3 a posicion 4,4. Direccion V
[INFO] 15:08:21:118 PERSONAJE/(3582:3583): Personaje Mario (@) (nivel: Nivel1) envió su posicion 4,4 al Planificador
[INFO] 15:08:22:244 PERSONAJE/(3582:3583): Personaje Mario (@) (nivel: Nivel1) se movio de posicion 4,4 a posicion 5,4. Direccion H
[INFO] 15:08:22:244 PERSONAJE/(3582:3583): Personaje Mario (@) (nivel: Nivel1) envió su posicion 5,4 al Planificador
[INFO] 15:08:23:366 PERSONAJE/(3582:3583): Personaje Mario (@) (nivel: Nivel1) se movio de posicion 5,4 a posicion 5,5. Direccion V
[INFO] 15:08:23:366 PERSONAJE/(3582:3583): Personaje Mario (@) (nivel: Nivel1) envió su posicion 5,5 al Planificador
[INFO] 15:08:24:449 PERSONAJE/(3582:3583): Perdí una vida porque me alcanzó un enemigo
[INFO] 15:08:27:452 PERSONAJE/(3582:3583): Personaje Mario (@) (nivel: Nivel1) se conectó correctamente al Orquestador
[INFO] 15:08:27:452 PERSONAJE/(3582:3583): P1ersonaje Mario (@) (nivel: Nivel1) envía handshake al Orquestador con los siguientes datos: @
[INFO] 15:08:27:453 PERSONAJE/(3582:3583): Personaje Mario (@) (nivel: Nivel1) recibe handshake del Orquestador
[INFO] 15:08:27:453 PERSONAJE/(3582:3583): Personaje Mario (@) (nivel: Nivel1) pide al Orquestador conectarse al nivel: 1
[INFO] 15:08:27:533 PERSONAJE/(3582:3583): Personaje Mario (@) (nivel: Nivel1) solicita la ubicacion de la caja del recurso H
[INFO] 15:08:29:578 PERSONAJE/(3582:3583): Personaje Mario (@) (nivel: Nivel1) recibió la ubicacion del recurso H, y es 5,8
[INFO] 15:08:29:578 PERSONAJE/(3582:3583): Personaje Mario (@) (nivel: Nivel1) se movio de posicion 0,0 a posicion 1,0. Direccion H
[INFO] 15:08:29:578 PERSONAJE/(3582:3583): Personaje Mario (@) (nivel: Nivel1) envió su posicion 1,0 al Planificador
[INFO] 15:08:30:662 PERSONAJE/(3582:3583): Personaje Mario (@) (nivel: Nivel1) se movio de posicion 1,0 a posicion 1,1. Direccion V
[INFO] 15:08:30:663 PERSONAJE/(3582:3583): Personaje Mario (@) (nivel: Nivel1) envió su posicion 1,1 al Planificador
[INFO] 15:08:31:781 PERSONAJE/(3582:3583): Personaje Mario (@) (nivel: Nivel1) se movio de posicion 1,1 a posicion 2,1. Direccion H
[INFO] 15:08:31:782 PERSONAJE/(3582:3583): Personaje Mario (@) (nivel: Nivel1) envió su posicion 2,1 al Planificador
[INFO] 15:08:32:902 PERSONAJE/(3582:3583): Personaje Mario (@) (nivel: Nivel1) se movio de posicion 2,1 a posicion 2,2. Direccion V
[INFO] 15:08:32:902 PERSONAJE/(3582:3583): Personaje Mario (@) (nivel: Nivel1) envió su posicion 2,2 al Planificador
[INFO] 15:08:34:26 PERSONAJE/(3582:3583): Personaje Mario (@) (nivel: Nivel1) se movio de posicion 2,2 a posicion 3,2. Direccion H
[INFO] 15:08:34:27 PERSONAJE/(3582:3583): Personaje Mario (@) (nivel: Nivel1) envió su posicion 3,2 al Planificador
[INFO] 15:08:35:147 PERSONAJE/(3582:3583): Personaje Mario (@) (nivel: Nivel1) se movio de posicion 3,2 a posicion 3,3. Direccion V
[INFO] 15:08:35:147 PERSONAJE/(3582:3583): Personaje Mario (@) (nivel: Nivel1) envió su posicion 3,3 al Planificador
[INFO] 15:08:36:225 PERSONAJE/(3582:3583): Perdí una vida porque me alcanzó un enemigo
[INFO] 15:08:39:227 PERSONAJE/(3582:3583): Personaje Mario (@) (nivel: Nivel1) se conectó correctamente al Orquestador
[INFO] 15:08:39:227 PERSONAJE/(3582:3583): P1ersonaje Mario (@) (nivel: Nivel1) envía handshake al Orquestador con los siguientes datos: @
[INFO] 15:08:39:230 PERSONAJE/(3582:3583): Personaje Mario (@) (nivel: Nivel1) recibe handshake del Orquestador
[INFO] 15:08:39:230 PERSONAJE/(3582:3583): Personaje Mario (@) (nivel: Nivel1) pide al Orquestador conectarse al nivel: 1
[INFO] 15:08:39:309 PERSONAJE/(3582:3583): Personaje Mario (@) (nivel: Nivel1) solicita la ubicacion de la caja del recurso H
[INFO] 15:08:41:349 PERSONAJE/(3582:3583): Personaje Mario (@) (nivel: Nivel1) recibió la ubicacion del recurso H, y es 5,8
[INFO] 15:08:41:350 PERSONAJE/(3582:3583): Personaje Mario (@) (nivel: Nivel1) se movio de posicion 0,0 a posicion 1,0. Direccion H
[INFO] 15:08:41:350 PERSONAJE/(3582:3583): Personaje Mario (@) (nivel: Nivel1) envió su posicion 1,0 al Planificador
[INFO] 15:08:42:430 PERSONAJE/(3582:3583): Personaje Mario (@) (nivel: Nivel1) se movio de posicion 1,0 a posicion 1,1. Direccion V
[INFO] 15:08:42:430 PERSONAJE/(3582:3583): Personaje Mario (@) (nivel: Nivel1) envió su posicion 1,1 al Planificador
[INFO] 15:08:43:509 PERSONAJE/(3582:3583): Perdí una vida porque me alcanzó un enemigo
[INFO] 15:08:46:511 PERSONAJE/(3582:3583): Personaje Mario (@) (nivel: Nivel1) se conectó correctamente al Orquestador
[INFO] 15:08:46:511 PERSONAJE/(3582:3583): P1ersonaje Mario (@) (nivel: Nivel1) envía handshake al Orquestador con los siguientes datos: @
[INFO] 15:08:46:512 PERSONAJE/(3582:3583): Personaje Mario (@) (nivel: Nivel1) recibe handshake del Orquestador
[INFO] 15:08:46:512 PERSONAJE/(3582:3583): Personaje Mario (@) (nivel: Nivel1) pide al Orquestador conectarse al nivel: 1
[INFO] 15:08:46:589 PERSONAJE/(3582:3583): Personaje Mario (@) (nivel: Nivel1) solicita la ubicacion de la caja del recurso H
[INFO] 15:08:48:629 PERSONAJE/(3582:3583): Personaje Mario (@) (nivel: Nivel1) recibió la ubicacion del recurso H, y es 5,8
[INFO] 15:08:48:630 PERSONAJE/(3582:3583): Personaje Mario (@) (nivel: Nivel1) se movio de posicion 0,0 a posicion 1,0. Direccion H
[INFO] 15:08:48:630 PERSONAJE/(3582:3583): Personaje Mario (@) (nivel: Nivel1) envió su posicion 1,0 al Planificador
[INFO] 15:08:49:711 PERSONAJE/(3582:3583): Personaje Mario (@) (nivel: Nivel1) se movio de posicion 1,0 a posicion 1,1. Direccion V
[INFO] 15:08:49:712 PERSONAJE/(3582:3583): Personaje Mario (@) (nivel: Nivel1) envió su posicion 1,1 al Planificador
[INFO] 15:08:50:790 PERSONAJE/(3582:3583): Perdí una vida porque me alcanzó un enemigo
[INFO] 15:08:53:791 PERSONAJE/(3582:3583): Personaje Mario (@) (nivel: Nivel1) se conectó correctamente al Orquestador
[INFO] 15:08:53:791 PERSONAJE/(3582:3583): P1ersonaje Mario (@) (nivel: Nivel1) envía handshake al Orquestador con los siguientes datos: @
[INFO] 15:08:53:792 PERSONAJE/(3582:3583): Personaje Mario (@) (nivel: Nivel1) recibe handshake del Orquestador
[INFO] 15:08:53:792 PERSONAJE/(3582:3583): Personaje Mario (@) (nivel: Nivel1) pide al Orquestador conectarse al nivel: 1
[INFO] 15:08:53:870 PERSONAJE/(3582:3583): Personaje Mario (@) (nivel: Nivel1) solicita la ubicacion de la caja del recurso H
[INFO] 15:08:55:914 PERSONAJE/(3582:3583): Personaje Mario (@) (nivel: Nivel1) recibió la ubicacion del recurso H, y es 5,8
[INFO] 15:08:55:914 PERSONAJE/(3582:3583): Personaje Mario (@) (nivel: Nivel1) se movio de posicion 0,0 a posicion 1,0. Direccion H
[INFO] 15:08:55:914 PERSONAJE/(3582:3583): Personaje Mario (@) (nivel: Nivel1) envió su posicion 1,0 al Planificador
[INFO] 15:08:56:998 PERSONAJE/(3582:3583): Personaje Mario (@) (nivel: Nivel1) se movio de posicion 1,0 a posicion 1,1. Direccion V
[INFO] 15:08:56:998 PERSONAJE/(3582:3583): Personaje Mario (@) (nivel: Nivel1) envió su posicion 1,1 al Planificador
[INFO] 15:08:58:81 PERSONAJE/(3582:3583): Perdí una vida porque me alcanzó un enemigo
[INFO] 15:09:01:84 PERSONAJE/(3582:3583): Personaje Mario (@) (nivel: Nivel1) se conectó correctamente al Orquestador
[INFO] 15:09:01:84 PERSONAJE/(3582:3583): P1ersonaje Mario (@) (nivel: Nivel1) envía handshake al Orquestador con los siguientes datos: @
[INFO] 15:09:01:84 PERSONAJE/(3582:3583): Personaje Mario (@) (nivel: Nivel1) recibe handshake del Orquestador
[INFO] 15:09:01:84 PERSONAJE/(3582:3583): Personaje Mario (@) (nivel: Nivel1) pide al Orquestador conectarse al nivel: 1
[INFO] 15:09:01:164 PERSONAJE/(3582:3583): Personaje Mario (@) (nivel: Nivel1) solicita la ubicacion de la caja del recurso H
[INFO] 15:09:03:206 PERSONAJE/(3582:3583): Personaje Mario (@) (nivel: Nivel1) recibió la ubicacion del recurso H, y es 5,8
[INFO] 15:09:03:206 PERSONAJE/(3582:3583): Personaje Mario (@) (nivel: Nivel1) se movio de posicion 0,0 a posicion 1,0. Direccion H
[INFO] 15:09:03:206 PERSONAJE/(3582:3583): Personaje Mario (@) (nivel: Nivel1) envió su posicion 1,0 al Planificador
[INFO] 15:09:04:289 PERSONAJE/(3582:3583): Personaje Mario (@) (nivel: Nivel1) se movio de posicion 1,0 a posicion 1,1. Direccion V
[INFO] 15:09:04:290 PERSONAJE/(3582:3583): Personaje Mario (@) (nivel: Nivel1) envió su posicion 1,1 al Planificador
[INFO] 15:09:05:417 PERSONAJE/(3582:3583): Perdí una vida porque me alcanzó un enemigo
[INFO] 15:09:08:419 PERSONAJE/(3582:3583): Personaje Mario (@) (nivel: Nivel1) se conectó correctamente al Orquestador
[INFO] 15:09:08:419 PERSONAJE/(3582:3583): P1ersonaje Mario (@) (nivel: Nivel1) envía handshake al Orquestador con los siguientes datos: @
[INFO] 15:09:08:420 PERSONAJE/(3582:3583): Personaje Mario (@) (nivel: Nivel1) recibe handshake del Orquestador
[INFO] 15:09:08:420 PERSONAJE/(3582:3583): Personaje Mario (@) (nivel: Nivel1) pide al Orquestador conectarse al nivel: 1
[INFO] 15:09:08:497 PERSONAJE/(3582:3583): Personaje Mario (@) (nivel: Nivel1) solicita la ubicacion de la caja del recurso H
[INFO] 15:09:10:543 PERSONAJE/(3582:3583): Personaje Mario (@) (nivel: Nivel1) recibió la ubicacion del recurso H, y es 5,8
[INFO] 15:09:10:543 PERSONAJE/(3582:3583): Personaje Mario (@) (nivel: Nivel1) se movio de posicion 0,0 a posicion 1,0. Direccion H
[INFO] 15:09:10:543 PERSONAJE/(3582:3583): Personaje Mario (@) (nivel: Nivel1) envió su posicion 1,0 al Planificador
[INFO] 15:09:11:626 PERSONAJE/(3582:3583): Personaje Mario (@) (nivel: Nivel1) se movio de posicion 1,0 a posicion 1,1. Direccion V
[INFO] 15:09:11:626 PERSONAJE/(3582:3583): Personaje Mario (@) (nivel: Nivel1) envió su posicion 1,1 al Planificador
[INFO] 15:09:12:706 PERSONAJE/(3582:3583): Perdí una vida porque me alcanzó un enemigo
[INFO] 15:09:15:707 PERSONAJE/(3582:3583): Personaje Mario (@) (nivel: Nivel1) se conectó correctamente al Orquestador
[INFO] 15:09:15:707 PERSONAJE/(3582:3583): P1ersonaje Mario (@) (nivel: Nivel1) envía handshake al Orquestador con los siguientes datos: @
[INFO] 15:09:15:708 PERSONAJE/(3582:3583): Personaje Mario (@) (nivel: Nivel1) recibe handshake del Orquestador
[INFO] 15:09:15:708 PERSONAJE/(3582:3583): Personaje Mario (@) (nivel: Nivel1) pide al Orquestador conectarse al nivel: 1
[INFO] 15:09:15:785 PERSONAJE/(3582:3583): Personaje Mario (@) (nivel: Nivel1) solicita la ubicacion de la caja del recurso H
[INFO] 15:09:17:825 PERSONAJE/(3582:3583): Personaje Mario (@) (nivel: Nivel1) recibió la ubicacion del recurso H, y es 5,8
[INFO] 15:09:17:826 PERSONAJE/(3582:3583): Personaje Mario (@) (nivel: Nivel1) se movio de posicion 0,0 a posicion 1,0. Direccion H
[INFO] 15:09:17:826 PERSONAJE/(3582:3583): Personaje Mario (@) (nivel: Nivel1) envió su posicion 1,0 al Planificador
[INFO] 15:09:18:905 PERSONAJE/(3582:3583): Personaje Mario (@) (nivel: Nivel1) se movio de posicion 1,0 a posicion 1,1. Direccion V
[INFO] 15:09:18:906 PERSONAJE/(3582:3583): Personaje Mario (@) (nivel: Nivel1) envió su posicion 1,1 al Planificador
[INFO] 15:09:20:25 PERSONAJE/(3582:3583): Personaje Mario (@) (nivel: Nivel1) se movio de posicion 1,1 a posicion 2,1. Direccion H
[INFO] 15:09:20:26 PERSONAJE/(3582:3583): Personaje Mario (@) (nivel: Nivel1) envió su posicion 2,1 al Planificador
[INFO] 15:09:21:146 PERSONAJE/(3582:3583): Personaje Mario (@) (nivel: Nivel1) se movio de posicion 2,1 a posicion 2,2. Direccion V
[INFO] 15:09:21:147 PERSONAJE/(3582:3583): Personaje Mario (@) (nivel: Nivel1) envió su posicion 2,2 al Planificador
[INFO] 15:09:22:270 PERSONAJE/(3582:3583): Personaje Mario (@) (nivel: Nivel1) se movio de posicion 2,2 a posicion 3,2. Direccion H
[INFO] 15:09:22:270 PERSONAJE/(3582:3583): Personaje Mario (@) (nivel: Nivel1) envió su posicion 3,2 al Planificador
[INFO] 15:09:23:353 PERSONAJE/(3582:3583): Perdí una vida porque me alcanzó un enemigo
[INFO] 15:09:26:355 PERSONAJE/(3582:3583): Personaje Mario (@) (nivel: Nivel1) se conectó correctamente al Orquestador
[INFO] 15:09:26:356 PERSONAJE/(3582:3583): P1ersonaje Mario (@) (nivel: Nivel1) envía handshake al Orquestador con los siguientes datos: @
[INFO] 15:09:26:358 PERSONAJE/(3582:3583): Personaje Mario (@) (nivel: Nivel1) recibe handshake del Orquestador
[INFO] 15:09:26:358 PERSONAJE/(3582:3583): Personaje Mario (@) (nivel: Nivel1) pide al Orquestador conectarse al nivel: 1
[INFO] 15:09:26:442 PERSONAJE/(3582:3583): Personaje Mario (@) (nivel: Nivel1) solicita la ubicacion de la caja del recurso H
[INFO] 15:09:28:482 PERSONAJE/(3582:3583): Personaje Mario (@) (nivel: Nivel1) recibió la ubicacion del recurso H, y es 5,8
[INFO] 15:09:28:482 PERSONAJE/(3582:3583): Personaje Mario (@) (nivel: Nivel1) se movio de posicion 0,0 a posicion 1,0. Direccion H
[INFO] 15:09:28:482 PERSONAJE/(3582:3583): Personaje Mario (@) (nivel: Nivel1) envió su posicion 1,0 al Planificador
[INFO] 15:09:29:561 PERSONAJE/(3582:3583): Personaje Mario (@) (nivel: Nivel1) se movio de posicion 1,0 a posicion 1,1. Direccion V
[INFO] 15:09:29:562 PERSONAJE/(3582:3583): Personaje Mario (@) (nivel: Nivel1) envió su posicion 1,1 al Planificador
[INFO] 15:09:30:694 PERSONAJE/(3582:3583): Perdí una vida porque me alcanzó un enemigo
[INFO] 15:09:30:694 PERSONAJE/(3582:3583): Usted ha perdido todas sus vidas. Usted ya reintentó 0 veces. Desea volver a comenzar? [S/N]

[INFO] 15:11:44:649 PERSONAJE/(3635:3635): Escucha de seniales levantada
[INFO] 15:11:44:660 PERSONAJE/(3635:3636): Personaje Mario (@) (nivel: Nivel1) se conectó correctamente al Orquestador
[INFO] 15:11:44:661 PERSONAJE/(3635:3636): P1ersonaje Mario (@) (nivel: Nivel1) envía handshake al Orquestador con los siguientes datos: @
[INFO] 15:11:44:661 PERSONAJE/(3635:3636): Personaje Mario (@) (nivel: Nivel1) recibe handshake del Orquestador
[INFO] 15:11:44:661 PERSONAJE/(3635:3636): Personaje Mario (@) (nivel: Nivel1) pide al Orquestador conectarse al nivel: 1
[INFO] 15:11:44:742 PERSONAJE/(3635:3636): Personaje Mario (@) (nivel: Nivel1) solicita la ubicacion de la caja del recurso H
[INFO] 15:11:46:785 PERSONAJE/(3635:3636): Personaje Mario (@) (nivel: Nivel1) recibió la ubicacion del recurso H, y es 5,8
[INFO] 15:11:46:786 PERSONAJE/(3635:3636): Personaje Mario (@) (nivel: Nivel1) se movio de posicion 0,0 a posicion 1,0. Direccion H
[INFO] 15:11:46:786 PERSONAJE/(3635:3636): Personaje Mario (@) (nivel: Nivel1) envió su posicion 1,0 al Planificador
[INFO] 15:11:47:866 PERSONAJE/(3635:3636): Personaje Mario (@) (nivel: Nivel1) se movio de posicion 1,0 a posicion 1,1. Direccion V
[INFO] 15:11:47:866 PERSONAJE/(3635:3636): Personaje Mario (@) (nivel: Nivel1) envió su posicion 1,1 al Planificador
[INFO] 15:11:48:987 PERSONAJE/(3635:3636): Personaje Mario (@) (nivel: Nivel1) se movio de posicion 1,1 a posicion 2,1. Direccion H
[INFO] 15:11:48:987 PERSONAJE/(3635:3636): Personaje Mario (@) (nivel: Nivel1) envió su posicion 2,1 al Planificador
[INFO] 15:11:50:109 PERSONAJE/(3635:3636): Personaje Mario (@) (nivel: Nivel1) se movio de posicion 2,1 a posicion 2,2. Direccion V
[INFO] 15:11:50:110 PERSONAJE/(3635:3636): Personaje Mario (@) (nivel: Nivel1) envió su posicion 2,2 al Planificador
[INFO] 15:11:51:232 PERSONAJE/(3635:3636): Personaje Mario (@) (nivel: Nivel1) se movio de posicion 2,2 a posicion 3,2. Direccion H
[INFO] 15:11:51:233 PERSONAJE/(3635:3636): Personaje Mario (@) (nivel: Nivel1) envió su posicion 3,2 al Planificador
[INFO] 15:11:52:350 PERSONAJE/(3635:3636): Personaje Mario (@) (nivel: Nivel1) se movio de posicion 3,2 a posicion 3,3. Direccion V
[INFO] 15:11:52:350 PERSONAJE/(3635:3636): Personaje Mario (@) (nivel: Nivel1) envió su posicion 3,3 al Planificador
[INFO] 15:11:53:474 PERSONAJE/(3635:3636): Personaje Mario (@) (nivel: Nivel1) se movio de posicion 3,3 a posicion 4,3. Direccion H
[INFO] 15:11:53:474 PERSONAJE/(3635:3636): Personaje Mario (@) (nivel: Nivel1) envió su posicion 4,3 al Planificador
[INFO] 15:11:54:597 PERSONAJE/(3635:3636): Personaje Mario (@) (nivel: Nivel1) se movio de posicion 4,3 a posicion 4,4. Direccion V
[INFO] 15:11:54:598 PERSONAJE/(3635:3636): Personaje Mario (@) (nivel: Nivel1) envió su posicion 4,4 al Planificador
[INFO] 15:11:55:722 PERSONAJE/(3635:3636): Personaje Mario (@) (nivel: Nivel1) se movio de posicion 4,4 a posicion 5,4. Direccion H
[INFO] 15:11:55:722 PERSONAJE/(3635:3636): Personaje Mario (@) (nivel: Nivel1) envió su posicion 5,4 al Planificador
[INFO] 15:11:56:846 PERSONAJE/(3635:3636): Personaje Mario (@) (nivel: Nivel1) se movio de posicion 5,4 a posicion 5,5. Direccion V
[INFO] 15:11:56:846 PERSONAJE/(3635:3636): Personaje Mario (@) (nivel: Nivel1) envió su posicion 5,5 al Planificador
[INFO] 15:11:57:969 PERSONAJE/(3635:3636): Personaje Mario (@) (nivel: Nivel1) se movio de posicion 5,5 a posicion 5,6. Direccion V
[INFO] 15:11:57:970 PERSONAJE/(3635:3636): Personaje Mario (@) (nivel: Nivel1) envió su posicion 5,6 al Planificador
[INFO] 15:11:59:94 PERSONAJE/(3635:3636): Personaje Mario (@) (nivel: Nivel1) se movio de posicion 5,6 a posicion 5,7. Direccion V
[INFO] 15:11:59:94 PERSONAJE/(3635:3636): Personaje Mario (@) (nivel: Nivel1) envió su posicion 5,7 al Planificador
[INFO] 15:12:00:174 PERSONAJE/(3635:3636): Perdí una vida porque me alcanzó un enemigo
[INFO] 15:12:03:175 PERSONAJE/(3635:3636): Personaje Mario (@) (nivel: Nivel1) se conectó correctamente al Orquestador
[INFO] 15:12:03:175 PERSONAJE/(3635:3636): P1ersonaje Mario (@) (nivel: Nivel1) envía handshake al Orquestador con los siguientes datos: @
[INFO] 15:12:03:176 PERSONAJE/(3635:3636): Personaje Mario (@) (nivel: Nivel1) recibe handshake del Orquestador
[INFO] 15:12:03:176 PERSONAJE/(3635:3636): Personaje Mario (@) (nivel: Nivel1) pide al Orquestador conectarse al nivel: 1
[INFO] 15:12:03:254 PERSONAJE/(3635:3636): Personaje Mario (@) (nivel: Nivel1) solicita la ubicacion de la caja del recurso H
[INFO] 15:12:05:298 PERSONAJE/(3635:3636): Personaje Mario (@) (nivel: Nivel1) recibió la ubicacion del recurso H, y es 5,8
[INFO] 15:12:05:298 PERSONAJE/(3635:3636): Personaje Mario (@) (nivel: Nivel1) se movio de posicion 0,0 a posicion 1,0. Direccion H
[INFO] 15:12:05:298 PERSONAJE/(3635:3636): Personaje Mario (@) (nivel: Nivel1) envió su posicion 1,0 al Planificador
[INFO] 15:12:06:381 PERSONAJE/(3635:3636): Personaje Mario (@) (nivel: Nivel1) se movio de posicion 1,0 a posicion 1,1. Direccion V
[INFO] 15:12:06:382 PERSONAJE/(3635:3636): Personaje Mario (@) (nivel: Nivel1) envió su posicion 1,1 al Planificador
[INFO] 15:12:07:501 PERSONAJE/(3635:3636): Personaje Mario (@) (nivel: Nivel1) se movio de posicion 1,1 a posicion 2,1. Direccion H
[INFO] 15:12:07:502 PERSONAJE/(3635:3636): Personaje Mario (@) (nivel: Nivel1) envió su posicion 2,1 al Planificador
[INFO] 15:12:08:626 PERSONAJE/(3635:3636): Personaje Mario (@) (nivel: Nivel1) se movio de posicion 2,1 a posicion 2,2. Direccion V
[INFO] 15:12:08:626 PERSONAJE/(3635:3636): Personaje Mario (@) (nivel: Nivel1) envió su posicion 2,2 al Planificador
[INFO] 15:12:09:754 PERSONAJE/(3635:3636): Personaje Mario (@) (nivel: Nivel1) se movio de posicion 2,2 a posicion 3,2. Direccion H
[INFO] 15:12:09:755 PERSONAJE/(3635:3636): Personaje Mario (@) (nivel: Nivel1) envió su posicion 3,2 al Planificador
[INFO] 15:12:10:885 PERSONAJE/(3635:3636): Personaje Mario (@) (nivel: Nivel1) se movio de posicion 3,2 a posicion 3,3. Direccion V
[INFO] 15:12:10:886 PERSONAJE/(3635:3636): Personaje Mario (@) (nivel: Nivel1) envió su posicion 3,3 al Planificador
[INFO] 15:12:12:10 PERSONAJE/(3635:3636): Personaje Mario (@) (nivel: Nivel1) se movio de posicion 3,3 a posicion 4,3. Direccion H
[INFO] 15:12:12:10 PERSONAJE/(3635:3636): Personaje Mario (@) (nivel: Nivel1) envió su posicion 4,3 al Planificador
[INFO] 15:12:13:133 PERSONAJE/(3635:3636): Personaje Mario (@) (nivel: Nivel1) se movio de posicion 4,3 a posicion 4,4. Direccion V
[INFO] 15:12:13:134 PERSONAJE/(3635:3636): Personaje Mario (@) (nivel: Nivel1) envió su posicion 4,4 al Planificador
[INFO] 15:12:14:214 PERSONAJE/(3635:3636): Perdí una vida porque me alcanzó un enemigo
[INFO] 15:12:17:215 PERSONAJE/(3635:3636): Personaje Mario (@) (nivel: Nivel1) se conectó correctamente al Orquestador
[INFO] 15:12:17:216 PERSONAJE/(3635:3636): P1ersonaje Mario (@) (nivel: Nivel1) envía handshake al Orquestador con los siguientes datos: @
[INFO] 15:12:17:216 PERSONAJE/(3635:3636): Personaje Mario (@) (nivel: Nivel1) recibe handshake del Orquestador
[INFO] 15:12:17:216 PERSONAJE/(3635:3636): Personaje Mario (@) (nivel: Nivel1) pide al Orquestador conectarse al nivel: 1
[INFO] 15:12:17:294 PERSONAJE/(3635:3636): Personaje Mario (@) (nivel: Nivel1) solicita la ubicacion de la caja del recurso H
[INFO] 15:12:19:337 PERSONAJE/(3635:3636): Personaje Mario (@) (nivel: Nivel1) recibió la ubicacion del recurso H, y es 5,8
[INFO] 15:12:19:338 PERSONAJE/(3635:3636): Personaje Mario (@) (nivel: Nivel1) se movio de posicion 0,0 a posicion 1,0. Direccion H
[INFO] 15:12:19:338 PERSONAJE/(3635:3636): Personaje Mario (@) (nivel: Nivel1) envió su posicion 1,0 al Planificador
[INFO] 15:12:20:417 PERSONAJE/(3635:3636): Personaje Mario (@) (nivel: Nivel1) se movio de posicion 1,0 a posicion 1,1. Direccion V
[INFO] 15:12:20:418 PERSONAJE/(3635:3636): Personaje Mario (@) (nivel: Nivel1) envió su posicion 1,1 al Planificador
[INFO] 15:12:21:497 PERSONAJE/(3635:3636): Perdí una vida porque me alcanzó un enemigo
[INFO] 15:12:24:499 PERSONAJE/(3635:3636): Personaje Mario (@) (nivel: Nivel1) se conectó correctamente al Orquestador
[INFO] 15:12:24:499 PERSONAJE/(3635:3636): P1ersonaje Mario (@) (nivel: Nivel1) envía handshake al Orquestador con los siguientes datos: @
[INFO] 15:12:24:499 PERSONAJE/(3635:3636): Personaje Mario (@) (nivel: Nivel1) recibe handshake del Orquestador
[INFO] 15:12:24:499 PERSONAJE/(3635:3636): Personaje Mario (@) (nivel: Nivel1) pide al Orquestador conectarse al nivel: 1
[INFO] 15:12:24:578 PERSONAJE/(3635:3636): Personaje Mario (@) (nivel: Nivel1) solicita la ubicacion de la caja del recurso H
[INFO] 15:12:26:618 PERSONAJE/(3635:3636): Personaje Mario (@) (nivel: Nivel1) recibió la ubicacion del recurso H, y es 5,8
[INFO] 15:12:26:618 PERSONAJE/(3635:3636): Personaje Mario (@) (nivel: Nivel1) se movio de posicion 0,0 a posicion 1,0. Direccion H
[INFO] 15:12:26:618 PERSONAJE/(3635:3636): Personaje Mario (@) (nivel: Nivel1) envió su posicion 1,0 al Planificador
[INFO] 15:12:27:702 PERSONAJE/(3635:3636): Personaje Mario (@) (nivel: Nivel1) se movio de posicion 1,0 a posicion 1,1. Direccion V
[INFO] 15:12:27:702 PERSONAJE/(3635:3636): Personaje Mario (@) (nivel: Nivel1) envió su posicion 1,1 al Planificador
[INFO] 15:12:28:794 PERSONAJE/(3635:3636): Perdí una vida porque me alcanzó un enemigo
[INFO] 15:12:31:795 PERSONAJE/(3635:3636): Personaje Mario (@) (nivel: Nivel1) se conectó correctamente al Orquestador
[INFO] 15:12:31:795 PERSONAJE/(3635:3636): P1ersonaje Mario (@) (nivel: Nivel1) envía handshake al Orquestador con los siguientes datos: @
[INFO] 15:12:31:796 PERSONAJE/(3635:3636): Personaje Mario (@) (nivel: Nivel1) recibe handshake del Orquestador
[INFO] 15:12:31:796 PERSONAJE/(3635:3636): Personaje Mario (@) (nivel: Nivel1) pide al Orquestador conectarse al nivel: 1
[INFO] 15:12:31:878 PERSONAJE/(3635:3636): Personaje Mario (@) (nivel: Nivel1) solicita la ubicacion de la caja del recurso H
[INFO] 15:12:33:921 PERSONAJE/(3635:3636): Personaje Mario (@) (nivel: Nivel1) recibió la ubicacion del recurso H, y es 5,8
[INFO] 15:12:33:922 PERSONAJE/(3635:3636): Personaje Mario (@) (nivel: Nivel1) se movio de posicion 0,0 a posicion 1,0. Direccion H
[INFO] 15:12:33:922 PERSONAJE/(3635:3636): Personaje Mario (@) (nivel: Nivel1) envió su posicion 1,0 al Planificador
[INFO] 15:12:35:7 PERSONAJE/(3635:3636): Personaje Mario (@) (nivel: Nivel1) se movio de posicion 1,0 a posicion 1,1. Direccion V
[INFO] 15:12:35:7 PERSONAJE/(3635:3636): Personaje Mario (@) (nivel: Nivel1) envió su posicion 1,1 al Planificador
[INFO] 15:12:36:89 PERSONAJE/(3635:3636): Perdí una vida porque me alcanzó un enemigo
[INFO] 15:12:39:92 PERSONAJE/(3635:3636): Personaje Mario (@) (nivel: Nivel1) se conectó correctamente al Orquestador
[INFO] 15:12:39:92 PERSONAJE/(3635:3636): P1ersonaje Mario (@) (nivel: Nivel1) envía handshake al Orquestador con los siguientes datos: @
[INFO] 15:12:39:93 PERSONAJE/(3635:3636): Personaje Mario (@) (nivel: Nivel1) recibe handshake del Orquestador
[INFO] 15:12:39:93 PERSONAJE/(3635:3636): Personaje Mario (@) (nivel: Nivel1) pide al Orquestador conectarse al nivel: 1
[INFO] 15:12:39:176 PERSONAJE/(3635:3636): Personaje Mario (@) (nivel: Nivel1) solicita la ubicacion de la caja del recurso H
[INFO] 15:12:41:214 PERSONAJE/(3635:3636): Personaje Mario (@) (nivel: Nivel1) recibió la ubicacion del recurso H, y es 5,8
[INFO] 15:12:41:214 PERSONAJE/(3635:3636): Personaje Mario (@) (nivel: Nivel1) se movio de posicion 0,0 a posicion 1,0. Direccion H
[INFO] 15:12:41:214 PERSONAJE/(3635:3636): Personaje Mario (@) (nivel: Nivel1) envió su posicion 1,0 al Planificador
[INFO] 15:12:42:298 PERSONAJE/(3635:3636): Personaje Mario (@) (nivel: Nivel1) se movio de posicion 1,0 a posicion 1,1. Direccion V
[INFO] 15:12:42:299 PERSONAJE/(3635:3636): Personaje Mario (@) (nivel: Nivel1) envió su posicion 1,1 al Planificador
[INFO] 15:12:43:377 PERSONAJE/(3635:3636): Perdí una vida porque me alcanzó un enemigo
[INFO] 15:12:46:379 PERSONAJE/(3635:3636): Personaje Mario (@) (nivel: Nivel1) se conectó correctamente al Orquestador
[INFO] 15:12:46:379 PERSONAJE/(3635:3636): P1ersonaje Mario (@) (nivel: Nivel1) envía handshake al Orquestador con los siguientes datos: @
[INFO] 15:12:46:379 PERSONAJE/(3635:3636): Personaje Mario (@) (nivel: Nivel1) recibe handshake del Orquestador
[INFO] 15:12:46:380 PERSONAJE/(3635:3636): Personaje Mario (@) (nivel: Nivel1) pide al Orquestador conectarse al nivel: 1
[INFO] 15:12:46:457 PERSONAJE/(3635:3636): Personaje Mario (@) (nivel: Nivel1) solicita la ubicacion de la caja del recurso H
[INFO] 15:12:48:502 PERSONAJE/(3635:3636): Personaje Mario (@) (nivel: Nivel1) recibió la ubicacion del recurso H, y es 5,8
[INFO] 15:12:48:502 PERSONAJE/(3635:3636): Personaje Mario (@) (nivel: Nivel1) se movio de posicion 0,0 a posicion 1,0. Direccion H
[INFO] 15:12:48:502 PERSONAJE/(3635:3636): Personaje Mario (@) (nivel: Nivel1) envió su posicion 1,0 al Planificador
[INFO] 15:12:49:588 PERSONAJE/(3635:3636): Personaje Mario (@) (nivel: Nivel1) se movio de posicion 1,0 a posicion 1,1. Direccion V
[INFO] 15:12:49:591 PERSONAJE/(3635:3636): Personaje Mario (@) (nivel: Nivel1) envió su posicion 1,1 al Planificador
[INFO] 15:12:50:669 PERSONAJE/(3635:3636): Perdí una vida porque me alcanzó un enemigo
[INFO] 15:12:53:671 PERSONAJE/(3635:3636): Personaje Mario (@) (nivel: Nivel1) se conectó correctamente al Orquestador
[INFO] 15:12:53:672 PERSONAJE/(3635:3636): P1ersonaje Mario (@) (nivel: Nivel1) envía handshake al Orquestador con los siguientes datos: @
[INFO] 15:12:53:672 PERSONAJE/(3635:3636): Personaje Mario (@) (nivel: Nivel1) recibe handshake del Orquestador
[INFO] 15:12:53:673 PERSONAJE/(3635:3636): Personaje Mario (@) (nivel: Nivel1) pide al Orquestador conectarse al nivel: 1
[INFO] 15:12:53:750 PERSONAJE/(3635:3636): Personaje Mario (@) (nivel: Nivel1) solicita la ubicacion de la caja del recurso H
[INFO] 15:12:55:793 PERSONAJE/(3635:3636): Personaje Mario (@) (nivel: Nivel1) recibió la ubicacion del recurso H, y es 5,8
[INFO] 15:12:55:794 PERSONAJE/(3635:3636): Personaje Mario (@) (nivel: Nivel1) se movio de posicion 0,0 a posicion 1,0. Direccion H
[INFO] 15:12:55:794 PERSONAJE/(3635:3636): Personaje Mario (@) (nivel: Nivel1) envió su posicion 1,0 al Planificador
[INFO] 15:12:56:873 PERSONAJE/(3635:3636): Personaje Mario (@) (nivel: Nivel1) se movio de posicion 1,0 a posicion 1,1. Direccion V
[INFO] 15:12:56:874 PERSONAJE/(3635:3636): Personaje Mario (@) (nivel: Nivel1) envió su posicion 1,1 al Planificador
[INFO] 15:12:57:958 PERSONAJE/(3635:3636): Perdí una vida porque me alcanzó un enemigo
[INFO] 15:13:00:959 PERSONAJE/(3635:3636): Personaje Mario (@) (nivel: Nivel1) se conectó correctamente al Orquestador
[INFO] 15:13:00:959 PERSONAJE/(3635:3636): P1ersonaje Mario (@) (nivel: Nivel1) envía handshake al Orquestador con los siguientes datos: @
[INFO] 15:13:00:960 PERSONAJE/(3635:3636): Personaje Mario (@) (nivel: Nivel1) recibe handshake del Orquestador
[INFO] 15:13:00:960 PERSONAJE/(3635:3636): Personaje Mario (@) (nivel: Nivel1) pide al Orquestador conectarse al nivel: 1
[INFO] 15:13:01:38 PERSONAJE/(3635:3636): Personaje Mario (@) (nivel: Nivel1) solicita la ubicacion de la caja del recurso H
[INFO] 15:13:03:82 PERSONAJE/(3635:3636): Personaje Mario (@) (nivel: Nivel1) recibió la ubicacion del recurso H, y es 5,8
[INFO] 15:13:03:82 PERSONAJE/(3635:3636): Personaje Mario (@) (nivel: Nivel1) se movio de posicion 0,0 a posicion 1,0. Direccion H
[INFO] 15:13:03:82 PERSONAJE/(3635:3636): Personaje Mario (@) (nivel: Nivel1) envió su posicion 1,0 al Planificador
[INFO] 15:13:04:167 PERSONAJE/(3635:3636): Personaje Mario (@) (nivel: Nivel1) se movio de posicion 1,0 a posicion 1,1. Direccion V
[INFO] 15:13:04:167 PERSONAJE/(3635:3636): Personaje Mario (@) (nivel: Nivel1) envió su posicion 1,1 al Planificador
[INFO] 15:13:05:285 PERSONAJE/(3635:3636): Perdí una vida porque me alcanzó un enemigo
[INFO] 15:13:05:286 PERSONAJE/(3635:3636): Usted ha perdido todas sus vidas. Usted ya reintentó 0 veces. Desea volver a comenzar? [S/N]

[INFO] 15:13:06:494 PERSONAJE/(3635:3636): bueno che, nos vimos en Disney
[INFO] 15:13:06:495 PERSONAJE/(3635:3636): Personaje Mario (@) finaliza totalmente.
[INFO] 21:06:05:560 PERSONAJE/(10282:10282): Escucha de seniales levantada
[INFO] 21:06:05:563 PERSONAJE/(10282:10283): Personaje Mario (@) (nivel: Nivel1) se conectó correctamente al Orquestador
[INFO] 21:06:05:566 PERSONAJE/(10282:10283): P1ersonaje Mario (@) (nivel: Nivel1) envía handshake al Orquestador con los siguientes datos: @
[INFO] 21:06:05:567 PERSONAJE/(10282:10283): Personaje Mario (@) (nivel: Nivel1) recibe handshake del Orquestador
[INFO] 21:06:05:568 PERSONAJE/(10282:10283): Personaje Mario (@) (nivel: Nivel1) pide al Orquestador conectarse al nivel: 1
[INFO] 21:06:05:645 PERSONAJE/(10282:10283): Personaje Mario (@) (nivel: Nivel1) solicita la ubicacion de la caja del recurso H
[INFO] 21:06:07:690 PERSONAJE/(10282:10283): Personaje Mario (@) (nivel: Nivel1) recibió la ubicacion del recurso H, y es 5,8
[INFO] 21:06:07:690 PERSONAJE/(10282:10283): Personaje Mario (@) (nivel: Nivel1) se movio de posicion 0,0 a posicion 1,0. Direccion H
[INFO] 21:06:07:690 PERSONAJE/(10282:10283): Personaje Mario (@) (nivel: Nivel1) envió su posicion 1,0 al Planificador
[INFO] 21:06:08:773 PERSONAJE/(10282:10283): Personaje Mario (@) (nivel: Nivel1) se movio de posicion 1,0 a posicion 1,1. Direccion V
[INFO] 21:06:08:774 PERSONAJE/(10282:10283): Personaje Mario (@) (nivel: Nivel1) envió su posicion 1,1 al Planificador
[INFO] 21:06:09:898 PERSONAJE/(10282:10283): Personaje Mario (@) (nivel: Nivel1) se movio de posicion 1,1 a posicion 2,1. Direccion H
[INFO] 21:06:09:898 PERSONAJE/(10282:10283): Personaje Mario (@) (nivel: Nivel1) envió su posicion 2,1 al Planificador
[INFO] 21:06:11:18 PERSONAJE/(10282:10283): Personaje Mario (@) (nivel: Nivel1) se movio de posicion 2,1 a posicion 2,2. Direccion V
[INFO] 21:06:11:19 PERSONAJE/(10282:10283): Personaje Mario (@) (nivel: Nivel1) envió su posicion 2,2 al Planificador
[INFO] 21:06:12:143 PERSONAJE/(10282:10283): Personaje Mario (@) (nivel: Nivel1) se movio de posicion 2,2 a posicion 3,2. Direccion H
[INFO] 21:06:12:144 PERSONAJE/(10282:10283): Personaje Mario (@) (nivel: Nivel1) envió su posicion 3,2 al Planificador
[INFO] 21:06:13:262 PERSONAJE/(10282:10283): Personaje Mario (@) (nivel: Nivel1) se movio de posicion 3,2 a posicion 3,3. Direccion V
[INFO] 21:06:13:262 PERSONAJE/(10282:10283): Personaje Mario (@) (nivel: Nivel1) envió su posicion 3,3 al Planificador
[INFO] 21:06:14:385 PERSONAJE/(10282:10283): Personaje Mario (@) (nivel: Nivel1) se movio de posicion 3,3 a posicion 4,3. Direccion H
[INFO] 21:06:14:385 PERSONAJE/(10282:10283): Personaje Mario (@) (nivel: Nivel1) envió su posicion 4,3 al Planificador
[INFO] 21:06:15:509 PERSONAJE/(10282:10283): Personaje Mario (@) (nivel: Nivel1) se movio de posicion 4,3 a posicion 4,4. Direccion V
[INFO] 21:06:15:509 PERSONAJE/(10282:10283): Personaje Mario (@) (nivel: Nivel1) envió su posicion 4,4 al Planificador
[INFO] 21:06:16:629 PERSONAJE/(10282:10283): Personaje Mario (@) (nivel: Nivel1) se movio de posicion 4,4 a posicion 5,4. Direccion H
[INFO] 21:06:16:629 PERSONAJE/(10282:10283): Personaje Mario (@) (nivel: Nivel1) envió su posicion 5,4 al Planificador
[INFO] 21:06:17:758 PERSONAJE/(10282:10283): Personaje Mario (@) (nivel: Nivel1) se movio de posicion 5,4 a posicion 5,5. Direccion V
[INFO] 21:06:17:758 PERSONAJE/(10282:10283): Personaje Mario (@) (nivel: Nivel1) envió su posicion 5,5 al Planificador
[INFO] 21:06:18:881 PERSONAJE/(10282:10283): Personaje Mario (@) (nivel: Nivel1) se movio de posicion 5,5 a posicion 5,6. Direccion V
[INFO] 21:06:18:881 PERSONAJE/(10282:10283): Personaje Mario (@) (nivel: Nivel1) envió su posicion 5,6 al Planificador
[INFO] 21:06:20:14 PERSONAJE/(10282:10283): Personaje Mario (@) (nivel: Nivel1) se movio de posicion 5,6 a posicion 5,7. Direccion V
[INFO] 21:06:20:14 PERSONAJE/(10282:10283): Personaje Mario (@) (nivel: Nivel1) envió su posicion 5,7 al Planificador
[INFO] 21:06:21:138 PERSONAJE/(10282:10283): Personaje Mario (@) (nivel: Nivel1) se movio de posicion 5,7 a posicion 5,8. Direccion V
[INFO] 21:06:21:139 PERSONAJE/(10282:10283): Personaje Mario (@) (nivel: Nivel1) envió su posicion 5,8 al Planificador
[INFO] 21:06:22:218 PERSONAJE/(10282:10283): Personaje Mario (@) (nivel: Nivel1) solicita el recurso H
[INFO] 21:06:23:262 PERSONAJE/(10282:10283): Personaje Mario (@) (nivel: Nivel1) obtuvo el recurso H. Ahora tiene: H. Necesita: HCH
[INFO] 21:06:23:262 PERSONAJE/(10282:10283): Personaje Mario (@) (nivel: Nivel1) solicita la ubicacion de la caja del recurso C
[INFO] 21:06:24:305 PERSONAJE/(10282:10283): Personaje Mario (@) (nivel: Nivel1) recibió la ubicacion del recurso C, y es 3,3
[INFO] 21:06:24:306 PERSONAJE/(10282:10283): Personaje Mario (@) (nivel: Nivel1) se movio de posicion 5,8 a posicion 4,8. Direccion H
[INFO] 21:06:24:306 PERSONAJE/(10282:10283): Personaje Mario (@) (nivel: Nivel1) envió su posicion 4,8 al Planificador
[INFO] 21:06:25:390 PERSONAJE/(10282:10283): Personaje Mario (@) (nivel: Nivel1) se movio de posicion 4,8 a posicion 4,7. Direccion V
[INFO] 21:06:25:390 PERSONAJE/(10282:10283): Personaje Mario (@) (nivel: Nivel1) envió su posicion 4,7 al Planificador
[INFO] 21:06:26:513 PERSONAJE/(10282:10283): Personaje Mario (@) (nivel: Nivel1) se movio de posicion 4,7 a posicion 3,7. Direccion H
[INFO] 21:06:26:514 PERSONAJE/(10282:10283): Personaje Mario (@) (nivel: Nivel1) envió su posicion 3,7 al Planificador
[INFO] 21:06:27:639 PERSONAJE/(10282:10283): Personaje Mario (@) (nivel: Nivel1) se movio de posicion 3,7 a posicion 3,6. Direccion V
[INFO] 21:06:27:639 PERSONAJE/(10282:10283): Personaje Mario (@) (nivel: Nivel1) envió su posicion 3,6 al Planificador
[INFO] 21:06:28:757 PERSONAJE/(10282:10283): Personaje Mario (@) (nivel: Nivel1) se movio de posicion 3,6 a posicion 3,5. Direccion V
[INFO] 21:06:28:757 PERSONAJE/(10282:10283): Personaje Mario (@) (nivel: Nivel1) envió su posicion 3,5 al Planificador
[INFO] 21:06:29:803 PERSONAJE/(10282:10283): Perdí una vida porque me alcanzó un enemigo
[INFO] 21:06:32:805 PERSONAJE/(10282:10283): Personaje Mario (@) (nivel: Nivel1) se conectó correctamente al Orquestador
[INFO] 21:06:32:805 PERSONAJE/(10282:10283): P1ersonaje Mario (@) (nivel: Nivel1) envía handshake al Orquestador con los siguientes datos: @
[INFO] 21:06:32:808 PERSONAJE/(10282:10283): Personaje Mario (@) (nivel: Nivel1) recibe handshake del Orquestador
[INFO] 21:06:32:808 PERSONAJE/(10282:10283): Personaje Mario (@) (nivel: Nivel1) pide al Orquestador conectarse al nivel: 1
[INFO] 21:06:32:886 PERSONAJE/(10282:10283): Personaje Mario (@) (nivel: Nivel1) solicita la ubicacion de la caja del recurso H
[INFO] 21:06:34:930 PERSONAJE/(10282:10283): Personaje Mario (@) (nivel: Nivel1) recibió la ubicacion del recurso H, y es 5,8
[INFO] 21:06:34:930 PERSONAJE/(10282:10283): Personaje Mario (@) (nivel: Nivel1) se movio de posicion 0,0 a posicion 1,0. Direccion H
[INFO] 21:06:34:931 PERSONAJE/(10282:10283): Personaje Mario (@) (nivel: Nivel1) envió su posicion 1,0 al Planificador
[INFO] 21:06:36:17 PERSONAJE/(10282:10283): Personaje Mario (@) (nivel: Nivel1) se movio de posicion 1,0 a posicion 1,1. Direccion V
[INFO] 21:06:36:18 PERSONAJE/(10282:10283): Personaje Mario (@) (nivel: Nivel1) envió su posicion 1,1 al Planificador
[INFO] 21:06:37:138 PERSONAJE/(10282:10283): Personaje Mario (@) (nivel: Nivel1) se movio de posicion 1,1 a posicion 2,1. Direccion H
[INFO] 21:06:37:139 PERSONAJE/(10282:10283): Personaje Mario (@) (nivel: Nivel1) envió su posicion 2,1 al Planificador
[INFO] 21:06:38:257 PERSONAJE/(10282:10283): Personaje Mario (@) (nivel: Nivel1) se movio de posicion 2,1 a posicion 2,2. Direccion V
[INFO] 21:06:38:258 PERSONAJE/(10282:10283): Personaje Mario (@) (nivel: Nivel1) envió su posicion 2,2 al Planificador
[INFO] 21:06:39:381 PERSONAJE/(10282:10283): Personaje Mario (@) (nivel: Nivel1) se movio de posicion 2,2 a posicion 3,2. Direccion H
[INFO] 21:06:39:382 PERSONAJE/(10282:10283): Personaje Mario (@) (nivel: Nivel1) envió su posicion 3,2 al Planificador
[INFO] 21:06:40:425 PERSONAJE/(10282:10283): Perdí una vida porque me alcanzó un enemigo
[INFO] 21:06:43:427 PERSONAJE/(10282:10283): Personaje Mario (@) (nivel: Nivel1) se conectó correctamente al Orquestador
[INFO] 21:06:43:427 PERSONAJE/(10282:10283): P1ersonaje Mario (@) (nivel: Nivel1) envía handshake al Orquestador con los siguientes datos: @
[INFO] 21:06:43:428 PERSONAJE/(10282:10283): Personaje Mario (@) (nivel: Nivel1) recibe handshake del Orquestador
[INFO] 21:06:43:429 PERSONAJE/(10282:10283): Personaje Mario (@) (nivel: Nivel1) pide al Orquestador conectarse al nivel: 1
[INFO] 21:06:43:505 PERSONAJE/(10282:10283): Personaje Mario (@) (nivel: Nivel1) solicita la ubicacion de la caja del recurso H
[INFO] 21:06:45:549 PERSONAJE/(10282:10283): Personaje Mario (@) (nivel: Nivel1) recibió la ubicacion del recurso H, y es 5,8
[INFO] 21:06:45:550 PERSONAJE/(10282:10283): Personaje Mario (@) (nivel: Nivel1) se movio de posicion 0,0 a posicion 1,0. Direccion H
[INFO] 21:06:45:550 PERSONAJE/(10282:10283): Personaje Mario (@) (nivel: Nivel1) envió su posicion 1,0 al Planificador
[INFO] 21:06:46:634 PERSONAJE/(10282:10283): Personaje Mario (@) (nivel: Nivel1) se movio de posicion 1,0 a posicion 1,1. Direccion V
[INFO] 21:06:46:634 PERSONAJE/(10282:10283): Personaje Mario (@) (nivel: Nivel1) envió su posicion 1,1 al Planificador
[INFO] 21:06:46:676 PERSONAJE/(10282:10283): Perdí una vida porque me alcanzó un enemigo
[INFO] 21:06:49:678 PERSONAJE/(10282:10283): Personaje Mario (@) (nivel: Nivel1) se conectó correctamente al Orquestador
[INFO] 21:06:49:679 PERSONAJE/(10282:10283): P1ersonaje Mario (@) (nivel: Nivel1) envía handshake al Orquestador con los siguientes datos: @
[INFO] 21:06:49:679 PERSONAJE/(10282:10283): Personaje Mario (@) (nivel: Nivel1) recibe handshake del Orquestador
[INFO] 21:06:49:680 PERSONAJE/(10282:10283): Personaje Mario (@) (nivel: Nivel1) pide al Orquestador conectarse al nivel: 1
[INFO] 21:06:49:759 PERSONAJE/(10282:10283): Personaje Mario (@) (nivel: Nivel1) solicita la ubicacion de la caja del recurso H
[INFO] 21:06:51:763 PERSONAJE/(10282:10283): Personaje Mario (@) (nivel: Nivel1) recibió la ubicacion del recurso H, y es 5,8
[INFO] 21:06:51:764 PERSONAJE/(10282:10283): Personaje Mario (@) (nivel: Nivel1) se movio de posicion 0,0 a posicion 1,0. Direccion H
[INFO] 21:06:51:767 PERSONAJE/(10282:10283): Personaje Mario (@) (nivel: Nivel1) envió su posicion 1,0 al Planificador
[INFO] 21:06:52:845 PERSONAJE/(10282:10283): Personaje Mario (@) (nivel: Nivel1) se movio de posicion 1,0 a posicion 1,1. Direccion V
[INFO] 21:06:52:846 PERSONAJE/(10282:10283): Personaje Mario (@) (nivel: Nivel1) envió su posicion 1,1 al Planificador
[INFO] 21:06:53:970 PERSONAJE/(10282:10283): Personaje Mario (@) (nivel: Nivel1) se movio de posicion 1,1 a posicion 2,1. Direccion H
[INFO] 21:06:53:970 PERSONAJE/(10282:10283): Personaje Mario (@) (nivel: Nivel1) envió su posicion 2,1 al Planificador
[INFO] 21:06:55:14 PERSONAJE/(10282:10283): Perdí una vida porque me alcanzó un enemigo
[INFO] 21:06:58:15 PERSONAJE/(10282:10283): Personaje Mario (@) (nivel: Nivel1) se conectó correctamente al Orquestador
[INFO] 21:06:58:16 PERSONAJE/(10282:10283): P1ersonaje Mario (@) (nivel: Nivel1) envía handshake al Orquestador con los siguientes datos: @
[INFO] 21:06:58:17 PERSONAJE/(10282:10283): Personaje Mario (@) (nivel: Nivel1) recibe handshake del Orquestador
[INFO] 21:06:58:17 PERSONAJE/(10282:10283): Personaje Mario (@) (nivel: Nivel1) pide al Orquestador conectarse al nivel: 1
[INFO] 21:06:58:93 PERSONAJE/(10282:10283): Personaje Mario (@) (nivel: Nivel1) solicita la ubicacion de la caja del recurso H
[INFO] 21:07:00:137 PERSONAJE/(10282:10283): Personaje Mario (@) (nivel: Nivel1) recibió la ubicacion del recurso H, y es 5,8
[INFO] 21:07:00:138 PERSONAJE/(10282:10283): Personaje Mario (@) (nivel: Nivel1) se movio de posicion 0,0 a posicion 1,0. Direccion H
[INFO] 21:07:00:138 PERSONAJE/(10282:10283): Personaje Mario (@) (nivel: Nivel1) envió su posicion 1,0 al Planificador
[INFO] 21:07:01:230 PERSONAJE/(10282:10283): Personaje Mario (@) (nivel: Nivel1) se movio de posicion 1,0 a posicion 1,1. Direccion V
[INFO] 21:07:01:230 PERSONAJE/(10282:10283): Personaje Mario (@) (nivel: Nivel1) envió su posicion 1,1 al Planificador
[INFO] 21:07:02:273 PERSONAJE/(10282:10283): Perdí una vida porque me alcanzó un enemigo
[INFO] 21:07:05:275 PERSONAJE/(10282:10283): Personaje Mario (@) (nivel: Nivel1) se conectó correctamente al Orquestador
[INFO] 21:07:05:275 PERSONAJE/(10282:10283): P1ersonaje Mario (@) (nivel: Nivel1) envía handshake al Orquestador con los siguientes datos: @
[INFO] 21:07:05:276 PERSONAJE/(10282:10283): Personaje Mario (@) (nivel: Nivel1) recibe handshake del Orquestador
[INFO] 21:07:05:276 PERSONAJE/(10282:10283): Personaje Mario (@) (nivel: Nivel1) pide al Orquestador conectarse al nivel: 1
[INFO] 21:07:05:353 PERSONAJE/(10282:10283): Personaje Mario (@) (nivel: Nivel1) solicita la ubicacion de la caja del recurso H
[INFO] 21:07:07:398 PERSONAJE/(10282:10283): Personaje Mario (@) (nivel: Nivel1) recibió la ubicacion del recurso H, y es 5,8
[INFO] 21:07:07:398 PERSONAJE/(10282:10283): Personaje Mario (@) (nivel: Nivel1) se movio de posicion 0,0 a posicion 1,0. Direccion H
[INFO] 21:07:07:398 PERSONAJE/(10282:10283): Personaje Mario (@) (nivel: Nivel1) envió su posicion 1,0 al Planificador
[INFO] 21:07:08:489 PERSONAJE/(10282:10283): Personaje Mario (@) (nivel: Nivel1) se movio de posicion 1,0 a posicion 1,1. Direccion V
[INFO] 21:07:08:490 PERSONAJE/(10282:10283): Personaje Mario (@) (nivel: Nivel1) envió su posicion 1,1 al Planificador
[INFO] 21:07:09:533 PERSONAJE/(10282:10283): Perdí una vida porque me alcanzó un enemigo
[INFO] 21:07:12:535 PERSONAJE/(10282:10283): Personaje Mario (@) (nivel: Nivel1) se conectó correctamente al Orquestador
[INFO] 21:07:12:535 PERSONAJE/(10282:10283): P1ersonaje Mario (@) (nivel: Nivel1) envía handshake al Orquestador con los siguientes datos: @
[INFO] 21:07:12:536 PERSONAJE/(10282:10283): Personaje Mario (@) (nivel: Nivel1) recibe handshake del Orquestador
[INFO] 21:07:12:536 PERSONAJE/(10282:10283): Personaje Mario (@) (nivel: Nivel1) pide al Orquestador conectarse al nivel: 1
[INFO] 21:07:12:614 PERSONAJE/(10282:10283): Personaje Mario (@) (nivel: Nivel1) solicita la ubicacion de la caja del recurso H
[INFO] 21:07:14:657 PERSONAJE/(10282:10283): Personaje Mario (@) (nivel: Nivel1) recibió la ubicacion del recurso H, y es 5,8
[INFO] 21:07:14:658 PERSONAJE/(10282:10283): Personaje Mario (@) (nivel: Nivel1) se movio de posicion 0,0 a posicion 1,0. Direccion H
[INFO] 21:07:14:658 PERSONAJE/(10282:10283): Personaje Mario (@) (nivel: Nivel1) envió su posicion 1,0 al Planificador
[INFO] 21:07:15:741 PERSONAJE/(10282:10283): Personaje Mario (@) (nivel: Nivel1) se movio de posicion 1,0 a posicion 1,1. Direccion V
[INFO] 21:07:15:742 PERSONAJE/(10282:10283): Personaje Mario (@) (nivel: Nivel1) envió su posicion 1,1 al Planificador
[INFO] 21:07:16:785 PERSONAJE/(10282:10283): Perdí una vida porque me alcanzó un enemigo
[INFO] 21:07:19:786 PERSONAJE/(10282:10283): Personaje Mario (@) (nivel: Nivel1) se conectó correctamente al Orquestador
[INFO] 21:07:19:787 PERSONAJE/(10282:10283): P1ersonaje Mario (@) (nivel: Nivel1) envía handshake al Orquestador con los siguientes datos: @
[INFO] 21:07:19:788 PERSONAJE/(10282:10283): Personaje Mario (@) (nivel: Nivel1) recibe handshake del Orquestador
[INFO] 21:07:19:788 PERSONAJE/(10282:10283): Personaje Mario (@) (nivel: Nivel1) pide al Orquestador conectarse al nivel: 1
[INFO] 21:07:19:865 PERSONAJE/(10282:10283): Personaje Mario (@) (nivel: Nivel1) solicita la ubicacion de la caja del recurso H
[INFO] 21:07:21:909 PERSONAJE/(10282:10283): Personaje Mario (@) (nivel: Nivel1) recibió la ubicacion del recurso H, y es 5,8
[INFO] 21:07:21:910 PERSONAJE/(10282:10283): Personaje Mario (@) (nivel: Nivel1) se movio de posicion 0,0 a posicion 1,0. Direccion H
[INFO] 21:07:21:910 PERSONAJE/(10282:10283): Personaje Mario (@) (nivel: Nivel1) envió su posicion 1,0 al Planificador
[INFO] 21:07:22:993 PERSONAJE/(10282:10283): Personaje Mario (@) (nivel: Nivel1) se movio de posicion 1,0 a posicion 1,1. Direccion V
[INFO] 21:07:22:994 PERSONAJE/(10282:10283): Personaje Mario (@) (nivel: Nivel1) envió su posicion 1,1 al Planificador
[INFO] 21:07:24:39 PERSONAJE/(10282:10283): Perdí una vida porque me alcanzó un enemigo
[INFO] 21:07:27:40 PERSONAJE/(10282:10283): Personaje Mario (@) (nivel: Nivel1) se conectó correctamente al Orquestador
[INFO] 21:07:27:41 PERSONAJE/(10282:10283): P1ersonaje Mario (@) (nivel: Nivel1) envía handshake al Orquestador con los siguientes datos: @
[INFO] 21:07:27:42 PERSONAJE/(10282:10283): Personaje Mario (@) (nivel: Nivel1) recibe handshake del Orquestador
[INFO] 21:07:27:42 PERSONAJE/(10282:10283): Personaje Mario (@) (nivel: Nivel1) pide al Orquestador conectarse al nivel: 1
[INFO] 21:07:27:121 PERSONAJE/(10282:10283): Personaje Mario (@) (nivel: Nivel1) solicita la ubicacion de la caja del recurso H
[INFO] 21:07:29:165 PERSONAJE/(10282:10283): Personaje Mario (@) (nivel: Nivel1) recibió la ubicacion del recurso H, y es 5,8
[INFO] 21:07:29:166 PERSONAJE/(10282:10283): Personaje Mario (@) (nivel: Nivel1) se movio de posicion 0,0 a posicion 1,0. Direccion H
[INFO] 21:07:29:166 PERSONAJE/(10282:10283): Personaje Mario (@) (nivel: Nivel1) envió su posicion 1,0 al Planificador
[INFO] 21:07:30:261 PERSONAJE/(10282:10283): Personaje Mario (@) (nivel: Nivel1) se movio de posicion 1,0 a posicion 1,1. Direccion V
[INFO] 21:07:30:261 PERSONAJE/(10282:10283): Personaje Mario (@) (nivel: Nivel1) envió su posicion 1,1 al Planificador
[INFO] 21:07:30:794 PERSONAJE/(10282:10283): Nivel Caido. Finalizo todo abruptamente
[INFO] 21:07:30:794 PERSONAJE/(10282:10283): Personaje Mario (@) finaliza totalmente.
[INFO] 21:07:48:39 PERSONAJE/(10287:10287): Escucha de seniales levantada
[INFO] 21:07:48:42 PERSONAJE/(10287:10288): Personaje Mario (@) (nivel: Nivel1) se conectó correctamente al Orquestador
[INFO] 21:07:48:45 PERSONAJE/(10287:10288): P1ersonaje Mario (@) (nivel: Nivel1) envía handshake al Orquestador con los siguientes datos: @
[INFO] 21:07:48:45 PERSONAJE/(10287:10288): Personaje Mario (@) (nivel: Nivel1) recibe handshake del Orquestador
[INFO] 21:07:48:46 PERSONAJE/(10287:10288): Personaje Mario (@) (nivel: Nivel1) pide al Orquestador conectarse al nivel: 1
[INFO] 21:07:53:127 PERSONAJE/(10287:10288): Personaje Mario (@) (nivel: Nivel1) pide al Orquestador conectarse al nivel: 1
[INFO] 21:07:58:167 PERSONAJE/(10287:10288): Personaje Mario (@) (nivel: Nivel1) pide al Orquestador conectarse al nivel: 1
[INFO] 21:07:58:207 PERSONAJE/(10287:10288): Personaje Mario (@) (nivel: Nivel1) solicita la ubicacion de la caja del recurso H
[INFO] 21:08:00:289 PERSONAJE/(10287:10288): Personaje Mario (@) (nivel: Nivel1) recibió la ubicacion del recurso H, y es 5,8
[INFO] 21:08:00:290 PERSONAJE/(10287:10288): Personaje Mario (@) (nivel: Nivel1) se movio de posicion 0,0 a posicion 1,0. Direccion H
[INFO] 21:08:00:290 PERSONAJE/(10287:10288): Personaje Mario (@) (nivel: Nivel1) envió su posicion 1,0 al Planificador
[INFO] 21:08:01:374 PERSONAJE/(10287:10288): Personaje Mario (@) (nivel: Nivel1) se movio de posicion 1,0 a posicion 1,1. Direccion V
[INFO] 21:08:01:374 PERSONAJE/(10287:10288): Personaje Mario (@) (nivel: Nivel1) envió su posicion 1,1 al Planificador
[INFO] 21:08:02:497 PERSONAJE/(10287:10288): Personaje Mario (@) (nivel: Nivel1) se movio de posicion 1,1 a posicion 2,1. Direccion H
[INFO] 21:08:02:498 PERSONAJE/(10287:10288): Personaje Mario (@) (nivel: Nivel1) envió su posicion 2,1 al Planificador
[INFO] 21:08:03:622 PERSONAJE/(10287:10288): Personaje Mario (@) (nivel: Nivel1) se movio de posicion 2,1 a posicion 2,2. Direccion V
[INFO] 21:08:03:623 PERSONAJE/(10287:10288): Personaje Mario (@) (nivel: Nivel1) envió su posicion 2,2 al Planificador
[INFO] 21:08:04:745 PERSONAJE/(10287:10288): Personaje Mario (@) (nivel: Nivel1) se movio de posicion 2,2 a posicion 3,2. Direccion H
[INFO] 21:08:04:745 PERSONAJE/(10287:10288): Personaje Mario (@) (nivel: Nivel1) envió su posicion 3,2 al Planificador
[INFO] 21:08:05:873 PERSONAJE/(10287:10288): Personaje Mario (@) (nivel: Nivel1) se movio de posicion 3,2 a posicion 3,3. Direccion V
[INFO] 21:08:05:874 PERSONAJE/(10287:10288): Personaje Mario (@) (nivel: Nivel1) envió su posicion 3,3 al Planificador
[INFO] 21:08:06:533 PERSONAJE/(10287:10288): Personaje Mario (@) (nivel: Nivel1) recibió una desconexion abrupta. Cierra todo
[INFO] 21:08:06:533 PERSONAJE/(10287:10288): Personaje Mario (@) finaliza totalmente.
